2025-04-05 10:51:25 | INFO     | create_tables:create_tables:113 - Conectando a la base de datos...
2025-04-05 10:51:25 | INFO     | create_tables:create_tables:118 - Creando tabla: users
2025-04-05 10:51:25 | INFO     | create_tables:create_tables:118 - Creando tabla: models
2025-04-05 10:51:25 | INFO     | create_tables:create_tables:118 - Creando tabla: companies
2025-04-05 10:51:25 | INFO     | create_tables:create_tables:118 - Creando tabla: model_companies
2025-04-05 10:51:25 | INFO     | create_tables:create_tables:118 - Creando tabla: favorites
2025-04-05 10:51:25 | INFO     | create_tables:create_tables:118 - Creando tabla: portfolios
2025-04-05 10:51:25 | INFO     | create_tables:create_tables:118 - Creando tabla: portfolio_companies
2025-04-05 10:51:25 | INFO     | create_tables:create_tables:118 - Creando tabla: portfolio_weights
2025-04-05 10:51:25 | INFO     | create_tables:create_tables:118 - Creando tabla: evaluations
2025-04-05 10:51:25 | INFO     | create_tables:create_tables:118 - Creando tabla: evaluation_metrics
2025-04-05 10:51:25 | SUCCESS  | create_tables:create_tables:122 - ¡Todas las tablas fueron creadas correctamente!
2025-04-05 10:51:25 | INFO     | create_tables:create_tables:129 - Conexión cerrada.
2025-04-05 10:51:25 | INFO     | upload_companies:upload_companies:129 - Added Lilly (LLY) in Healthcare
2025-04-05 10:51:25 | INFO     | upload_companies:upload_companies:129 - Added UnitedHealth (UNH) in Healthcare
2025-04-05 10:51:25 | INFO     | upload_companies:upload_companies:129 - Added Johnson & Johnson (JNJ) in Healthcare
2025-04-05 10:51:25 | INFO     | upload_companies:upload_companies:129 - Added Pfizer (PFE) in Healthcare
2025-04-05 10:51:25 | INFO     | upload_companies:upload_companies:129 - Added Novartis (Switzerland) (NVS) in Healthcare
2025-04-05 10:51:25 | INFO     | upload_companies:upload_companies:129 - Added Roche (Switzerland) (ROG.SW) in Healthcare
2025-04-05 10:51:25 | INFO     | upload_companies:upload_companies:129 - Added Sanofi (France) (SAN.PA) in Healthcare
2025-04-05 10:51:25 | INFO     | upload_companies:upload_companies:129 - Added Bayer (Germany) (BAYN.DE) in Healthcare
2025-04-05 10:51:25 | INFO     | upload_companies:upload_companies:129 - Added Apple (AAPL) in Technology
2025-04-05 10:51:25 | INFO     | upload_companies:upload_companies:129 - Added Microsoft (MSFT) in Technology
2025-04-05 10:51:25 | INFO     | upload_companies:upload_companies:129 - Added IBM (IBM) in Technology
2025-04-05 10:51:25 | INFO     | upload_companies:upload_companies:129 - Added Alphabet (GOOGL) in Technology
2025-04-05 10:51:25 | INFO     | upload_companies:upload_companies:129 - Added SAP (Germany) (SAP.DE) in Technology
2025-04-05 10:51:25 | INFO     | upload_companies:upload_companies:129 - Added ASML (Netherlands) (ASML.AS) in Technology
2025-04-05 10:51:25 | INFO     | upload_companies:upload_companies:129 - Added Infosys (India) (INFY) in Technology
2025-04-05 10:51:25 | INFO     | upload_companies:upload_companies:129 - Added NXP Semiconductors (Netherlands) (NXPI) in Technology
2025-04-05 10:51:25 | INFO     | upload_companies:upload_companies:129 - Added Amazon (AMZN) in Consumer Cyclical
2025-04-05 10:51:25 | INFO     | upload_companies:upload_companies:129 - Added Home Depot (HD) in Consumer Cyclical
2025-04-05 10:51:25 | INFO     | upload_companies:upload_companies:129 - Added Walmart (WMT) in Consumer Cyclical
2025-04-05 10:51:25 | INFO     | upload_companies:upload_companies:129 - Added McDonald's (MCD) in Consumer Cyclical
2025-04-05 10:51:25 | INFO     | upload_companies:upload_companies:129 - Added LVMH (France) (LVMH.PA) in Consumer Cyclical
2025-04-05 10:51:25 | INFO     | upload_companies:upload_companies:129 - Added Puma (Germany) (PUM.DE) in Consumer Cyclical
2025-04-05 10:51:25 | INFO     | upload_companies:upload_companies:129 - Added Adidas (Germany) (ADS.DE) in Consumer Cyclical
2025-04-05 10:51:25 | INFO     | upload_companies:upload_companies:129 - Added Hermès (France) (RMS.PA) in Consumer Cyclical
2025-04-05 10:51:25 | INFO     | upload_companies:upload_companies:129 - Added JPMorgan Chase (JPM) in Financial Services
2025-04-05 10:51:25 | INFO     | upload_companies:upload_companies:129 - Added Bank of America (BAC) in Financial Services
2025-04-05 10:51:25 | INFO     | upload_companies:upload_companies:129 - Added Visa (V) in Financial Services
2025-04-05 10:51:25 | INFO     | upload_companies:upload_companies:129 - Added Mastercard (MA) in Financial Services
2025-04-05 10:51:25 | INFO     | upload_companies:upload_companies:129 - Added HSBC (UK) (HSBA.L) in Financial Services
2025-04-05 10:51:25 | INFO     | upload_companies:upload_companies:129 - Added BNP Paribas (France) (BNP.PA) in Financial Services
2025-04-05 10:51:25 | INFO     | upload_companies:upload_companies:129 - Added Deutsche Bank (Germany) (DBK.DE) in Financial Services
2025-04-05 10:51:25 | INFO     | upload_companies:upload_companies:129 - Added ING Group (Netherlands) (INGA.AS) in Financial Services
2025-04-05 10:51:25 | INFO     | upload_companies:upload_companies:129 - Added Coca-Cola (KO) in Consumer Defensive
2025-04-05 10:51:26 | INFO     | upload_companies:upload_companies:129 - Added PepsiCo (PEP) in Consumer Defensive
2025-04-05 10:51:26 | INFO     | upload_companies:upload_companies:129 - Added Procter & Gamble (PG) in Consumer Defensive
2025-04-05 10:51:26 | INFO     | upload_companies:upload_companies:129 - Added Nestlé (Switzerland) (NESN.SW) in Consumer Defensive
2025-04-05 10:51:26 | INFO     | upload_companies:upload_companies:129 - Added Unilever (UK) (ULVR.L) in Consumer Defensive
2025-04-05 10:51:26 | INFO     | upload_companies:upload_companies:129 - Added Danone (France) (DANOY) in Consumer Defensive
2025-04-05 10:51:26 | INFO     | upload_companies:upload_companies:129 - Added British American Tobacco (UK) (BATS.L) in Consumer Defensive
2025-04-05 10:51:26 | INFO     | upload_companies:upload_companies:129 - Added Chevron (CVX) in Energy
2025-04-05 10:51:26 | INFO     | upload_companies:upload_companies:129 - Added ConocoPhillips (COP) in Energy
2025-04-05 10:51:26 | INFO     | upload_companies:upload_companies:129 - Added EOG Resources (EOG) in Energy
2025-04-05 10:51:26 | INFO     | upload_companies:upload_companies:129 - Added ExxonMobil (XOM) in Energy
2025-04-05 10:51:26 | INFO     | upload_companies:upload_companies:129 - Added BP (UK) (BP.L) in Energy
2025-04-05 10:51:26 | INFO     | upload_companies:upload_companies:129 - Added TotalEnergies (France) (TTE.PA) in Energy
2025-04-05 10:51:26 | INFO     | upload_companies:upload_companies:129 - Added Shell (UK) (SHEL.L) in Energy
2025-04-05 10:51:26 | INFO     | upload_companies:upload_companies:129 - Added Eni (Italy) (ENI.MI) in Energy
2025-04-05 10:51:26 | INFO     | upload_companies:upload_companies:129 - Added Caterpillar (CAT) in Industrials
2025-04-05 10:51:26 | INFO     | upload_companies:upload_companies:129 - Added Boeing (BA) in Industrials
2025-04-05 10:51:26 | INFO     | upload_companies:upload_companies:129 - Added General Electric (GE) in Industrials
2025-04-05 10:51:26 | INFO     | upload_companies:upload_companies:129 - Added Honeywell (HON) in Industrials
2025-04-05 10:51:26 | INFO     | upload_companies:upload_companies:129 - Added Airbus (France) (AIR.PA) in Industrials
2025-04-05 10:51:26 | INFO     | upload_companies:upload_companies:129 - Added Siemens (Germany) (SIE.DE) in Industrials
2025-04-05 10:51:26 | INFO     | upload_companies:upload_companies:129 - Added RWE (Germany) (RWE.DE) in Industrials
2025-04-05 10:51:26 | INFO     | upload_companies:upload_companies:129 - Added Flutter Entertainment (UK) (FLTR.L) in Industrials
2025-04-05 10:51:26 | INFO     | upload_companies:upload_companies:129 - Added NextEra Energy (NEE) in Utilities
2025-04-05 10:51:26 | INFO     | upload_companies:upload_companies:129 - Added Duke Energy (DUK) in Utilities
2025-04-05 10:51:26 | INFO     | upload_companies:upload_companies:129 - Added Southern Company (SO) in Utilities
2025-04-05 10:51:26 | INFO     | upload_companies:upload_companies:129 - Added Dominion Energy (D) in Utilities
2025-04-05 10:51:26 | INFO     | upload_companies:upload_companies:129 - Added Enel (Italy) (ENEL.MI) in Utilities
2025-04-05 10:51:26 | INFO     | upload_companies:upload_companies:129 - Added Iberdrola (Spain) (IBE.MC) in Utilities
2025-04-05 10:51:26 | INFO     | upload_companies:upload_companies:129 - Added National Grid (UK) (NG.L) in Utilities
2025-04-05 10:51:26 | INFO     | upload_companies:upload_companies:129 - Added Veolia (France) (VIE.PA) in Utilities
2025-04-05 10:51:26 | INFO     | upload_companies:upload_companies:129 - Added Linde (LIN) in Materials
2025-04-05 10:51:26 | INFO     | upload_companies:upload_companies:129 - Added Sherwin-Williams (SHW) in Materials
2025-04-05 10:51:26 | INFO     | upload_companies:upload_companies:129 - Added Air Products (APD) in Materials
2025-04-05 10:51:26 | INFO     | upload_companies:upload_companies:129 - Added Newmont Corporation (NEM) in Materials
2025-04-05 10:51:26 | INFO     | upload_companies:upload_companies:129 - Added BASF (Germany) (BAS.DE) in Materials
2025-04-05 10:51:26 | INFO     | upload_companies:upload_companies:129 - Added Glencore (UK) (GLEN.L) in Materials
2025-04-05 10:51:26 | INFO     | upload_companies:upload_companies:129 - Added ArcelorMittal (Luxembourg) (ARKR.DE) in Materials
2025-04-05 10:51:26 | INFO     | upload_companies:upload_companies:129 - Added CRH (Ireland) (LON:CRH) in Materials
2025-04-05 10:51:26 | INFO     | upload_companies:upload_companies:129 - Added Verizon (VZ) in Telecommunications
2025-04-05 10:51:26 | INFO     | upload_companies:upload_companies:129 - Added AT&T (T) in Telecommunications
2025-04-05 10:51:26 | INFO     | upload_companies:upload_companies:129 - Added T-Mobile (TMUS) in Telecommunications
2025-04-05 10:51:26 | INFO     | upload_companies:upload_companies:129 - Added Comcast (CMCSA) in Telecommunications
2025-04-05 10:51:26 | INFO     | upload_companies:upload_companies:129 - Added Deutsche Telekom (Germany) (DTE.DE) in Telecommunications
2025-04-05 10:51:26 | INFO     | upload_companies:upload_companies:129 - Added Orange (France) (ORAN.PA) in Telecommunications
2025-04-05 10:51:26 | INFO     | upload_companies:upload_companies:129 - Added BT Group (UK) (BT.L) in Telecommunications
2025-04-05 10:51:26 | INFO     | upload_companies:upload_companies:129 - Added Vodafone (UK) (VOD.L) in Telecommunications
2025-04-05 10:51:26 | INFO     | upload_companies:upload_companies:140 - Added synthetic 'Cash' asset
2025-04-05 10:51:26 | SUCCESS  | upload_companies:upload_companies:143 - Companies upload completed!
2025-04-05 11:22:23 | INFO     | create_tables:create_tables:113 - Conectando a la base de datos...
2025-04-05 11:22:23 | INFO     | create_tables:create_tables:118 - Creando tabla: users
2025-04-05 11:22:23 | INFO     | create_tables:create_tables:118 - Creando tabla: models
2025-04-05 11:22:23 | INFO     | create_tables:create_tables:118 - Creando tabla: companies
2025-04-05 11:22:23 | INFO     | create_tables:create_tables:118 - Creando tabla: model_companies
2025-04-05 11:22:23 | INFO     | create_tables:create_tables:118 - Creando tabla: favorites
2025-04-05 11:22:23 | INFO     | create_tables:create_tables:118 - Creando tabla: portfolios
2025-04-05 11:22:23 | INFO     | create_tables:create_tables:118 - Creando tabla: portfolio_companies
2025-04-05 11:22:23 | INFO     | create_tables:create_tables:118 - Creando tabla: portfolio_weights
2025-04-05 11:22:23 | INFO     | create_tables:create_tables:118 - Creando tabla: evaluations
2025-04-05 11:22:23 | INFO     | create_tables:create_tables:118 - Creando tabla: evaluation_metrics
2025-04-05 11:22:23 | SUCCESS  | create_tables:create_tables:122 - ¡Todas las tablas fueron creadas correctamente!
2025-04-05 11:22:23 | INFO     | create_tables:create_tables:129 - Conexión cerrada.
2025-04-05 11:22:23 | SUCCESS  | upload_companies:upload_companies:143 - Companies upload completed!
2025-04-05 11:22:23 | ERROR    | upload_models_data:insert_models_from_json:71 - JSON not found: examples/models/metadata/hierarchy.json
2025-04-05 11:22:24 | INFO     | upload_evaluation_data:insert_data_from_csv:73 - Reading CSV file: examples/results/evaluation_results.csv
2025-04-05 11:22:24 | WARNING  | upload_evaluation_data:insert_data_from_csv:89 - Row with missing data — skipping.
2025-04-05 11:22:24 | WARNING  | upload_evaluation_data:insert_data_from_csv:89 - Row with missing data — skipping.
2025-04-05 11:22:24 | WARNING  | upload_evaluation_data:insert_data_from_csv:89 - Row with missing data — skipping.
2025-04-05 11:22:24 | WARNING  | upload_evaluation_data:insert_data_from_csv:89 - Row with missing data — skipping.
2025-04-05 11:22:24 | WARNING  | upload_evaluation_data:insert_data_from_csv:89 - Row with missing data — skipping.
2025-04-05 11:22:24 | WARNING  | upload_evaluation_data:insert_data_from_csv:89 - Row with missing data — skipping.
2025-04-05 11:22:24 | WARNING  | upload_evaluation_data:insert_data_from_csv:89 - Row with missing data — skipping.
2025-04-05 11:22:24 | WARNING  | upload_evaluation_data:insert_data_from_csv:89 - Row with missing data — skipping.
2025-04-05 11:22:24 | WARNING  | upload_evaluation_data:insert_data_from_csv:89 - Row with missing data — skipping.
2025-04-05 11:22:24 | INFO     | upload_evaluation_data:insert_data_from_csv:129 - Finished insertion. Total inserted: 0, skipped: 9
2025-04-05 11:22:24 | INFO     | upload_evaluation_data:insert_data_from_csv:139 - Database connection closed.
2025-04-05 11:26:47 | INFO     | create_tables:create_tables:113 - Conectando a la base de datos...
2025-04-05 11:26:47 | INFO     | create_tables:create_tables:118 - Creando tabla: users
2025-04-05 11:26:47 | INFO     | create_tables:create_tables:118 - Creando tabla: models
2025-04-05 11:26:47 | INFO     | create_tables:create_tables:118 - Creando tabla: companies
2025-04-05 11:26:47 | INFO     | create_tables:create_tables:118 - Creando tabla: model_companies
2025-04-05 11:26:47 | INFO     | create_tables:create_tables:118 - Creando tabla: favorites
2025-04-05 11:26:47 | INFO     | create_tables:create_tables:118 - Creando tabla: portfolios
2025-04-05 11:26:47 | INFO     | create_tables:create_tables:118 - Creando tabla: portfolio_companies
2025-04-05 11:26:47 | INFO     | create_tables:create_tables:118 - Creando tabla: portfolio_weights
2025-04-05 11:26:47 | INFO     | create_tables:create_tables:118 - Creando tabla: evaluations
2025-04-05 11:26:47 | INFO     | create_tables:create_tables:118 - Creando tabla: evaluation_metrics
2025-04-05 11:26:47 | SUCCESS  | create_tables:create_tables:122 - ¡Todas las tablas fueron creadas correctamente!
2025-04-05 11:26:47 | INFO     | create_tables:create_tables:129 - Conexión cerrada.
2025-04-05 11:26:47 | SUCCESS  | upload_companies:upload_companies:143 - Companies upload completed!
2025-04-05 11:26:47 | ERROR    | upload_models_data:insert_models_from_json:71 - JSON not found: examples/models/metadata/hierarchy.json
2025-04-05 11:26:48 | INFO     | upload_evaluation_data:insert_data_from_csv:73 - Reading CSV file: examples/results/evaluation_results.csv
2025-04-05 11:26:48 | WARNING  | upload_evaluation_data:insert_data_from_csv:89 - Row with missing data — skipping.
2025-04-05 11:26:48 | WARNING  | upload_evaluation_data:insert_data_from_csv:89 - Row with missing data — skipping.
2025-04-05 11:26:48 | WARNING  | upload_evaluation_data:insert_data_from_csv:89 - Row with missing data — skipping.
2025-04-05 11:26:48 | WARNING  | upload_evaluation_data:insert_data_from_csv:89 - Row with missing data — skipping.
2025-04-05 11:26:48 | WARNING  | upload_evaluation_data:insert_data_from_csv:89 - Row with missing data — skipping.
2025-04-05 11:26:48 | WARNING  | upload_evaluation_data:insert_data_from_csv:89 - Row with missing data — skipping.
2025-04-05 11:26:48 | WARNING  | upload_evaluation_data:insert_data_from_csv:89 - Row with missing data — skipping.
2025-04-05 11:26:48 | WARNING  | upload_evaluation_data:insert_data_from_csv:89 - Row with missing data — skipping.
2025-04-05 11:26:48 | WARNING  | upload_evaluation_data:insert_data_from_csv:89 - Row with missing data — skipping.
2025-04-05 11:26:48 | INFO     | upload_evaluation_data:insert_data_from_csv:129 - Finished insertion. Total inserted: 0, skipped: 9
2025-04-05 11:26:48 | INFO     | upload_evaluation_data:insert_data_from_csv:139 - Database connection closed.
2025-04-05 11:30:17 | INFO     | create_tables:create_tables:113 - Conectando a la base de datos...
2025-04-05 11:30:17 | INFO     | create_tables:create_tables:118 - Creando tabla: users
2025-04-05 11:30:17 | INFO     | create_tables:create_tables:118 - Creando tabla: models
2025-04-05 11:30:17 | INFO     | create_tables:create_tables:118 - Creando tabla: companies
2025-04-05 11:30:17 | INFO     | create_tables:create_tables:118 - Creando tabla: model_companies
2025-04-05 11:30:17 | INFO     | create_tables:create_tables:118 - Creando tabla: favorites
2025-04-05 11:30:17 | INFO     | create_tables:create_tables:118 - Creando tabla: portfolios
2025-04-05 11:30:17 | INFO     | create_tables:create_tables:118 - Creando tabla: portfolio_companies
2025-04-05 11:30:17 | INFO     | create_tables:create_tables:118 - Creando tabla: portfolio_weights
2025-04-05 11:30:17 | INFO     | create_tables:create_tables:118 - Creando tabla: evaluations
2025-04-05 11:30:17 | INFO     | create_tables:create_tables:118 - Creando tabla: evaluation_metrics
2025-04-05 11:30:17 | SUCCESS  | create_tables:create_tables:122 - ¡Todas las tablas fueron creadas correctamente!
2025-04-05 11:30:17 | INFO     | create_tables:create_tables:129 - Conexión cerrada.
2025-04-05 11:30:18 | SUCCESS  | upload_companies:upload_companies:143 - Companies upload completed!
2025-04-05 11:30:18 | ERROR    | upload_models_data:insert_models_from_json:71 - JSON not found: examples/models/metadata/hierarchy.json
2025-04-05 11:30:18 | INFO     | upload_evaluation_data:insert_data_from_csv:73 - Reading CSV file: examples/results/evaluation_results.csv
2025-04-05 11:30:19 | WARNING  | upload_evaluation_data:insert_data_from_csv:89 - Row with missing data — skipping.
2025-04-05 11:30:19 | WARNING  | upload_evaluation_data:insert_data_from_csv:89 - Row with missing data — skipping.
2025-04-05 11:30:19 | WARNING  | upload_evaluation_data:insert_data_from_csv:89 - Row with missing data — skipping.
2025-04-05 11:30:19 | WARNING  | upload_evaluation_data:insert_data_from_csv:89 - Row with missing data — skipping.
2025-04-05 11:30:19 | WARNING  | upload_evaluation_data:insert_data_from_csv:89 - Row with missing data — skipping.
2025-04-05 11:30:19 | WARNING  | upload_evaluation_data:insert_data_from_csv:89 - Row with missing data — skipping.
2025-04-05 11:30:19 | WARNING  | upload_evaluation_data:insert_data_from_csv:89 - Row with missing data — skipping.
2025-04-05 11:30:19 | WARNING  | upload_evaluation_data:insert_data_from_csv:89 - Row with missing data — skipping.
2025-04-05 11:30:19 | WARNING  | upload_evaluation_data:insert_data_from_csv:89 - Row with missing data — skipping.
2025-04-05 11:30:19 | INFO     | upload_evaluation_data:insert_data_from_csv:129 - Finished insertion. Total inserted: 0, skipped: 9
2025-04-05 11:30:19 | INFO     | upload_evaluation_data:insert_data_from_csv:139 - Database connection closed.
2025-04-05 12:34:27 | INFO     | create_tables:create_tables:113 - Conectando a la base de datos...
2025-04-05 12:34:27 | INFO     | create_tables:create_tables:118 - Creando tabla: users
2025-04-05 12:34:27 | INFO     | create_tables:create_tables:118 - Creando tabla: models
2025-04-05 12:34:27 | INFO     | create_tables:create_tables:118 - Creando tabla: companies
2025-04-05 12:34:27 | INFO     | create_tables:create_tables:118 - Creando tabla: model_companies
2025-04-05 12:34:27 | INFO     | create_tables:create_tables:118 - Creando tabla: favorites
2025-04-05 12:34:27 | INFO     | create_tables:create_tables:118 - Creando tabla: portfolios
2025-04-05 12:34:27 | INFO     | create_tables:create_tables:118 - Creando tabla: portfolio_companies
2025-04-05 12:34:27 | INFO     | create_tables:create_tables:118 - Creando tabla: portfolio_weights
2025-04-05 12:34:27 | INFO     | create_tables:create_tables:118 - Creando tabla: evaluations
2025-04-05 12:34:27 | INFO     | create_tables:create_tables:118 - Creando tabla: evaluation_metrics
2025-04-05 12:34:27 | SUCCESS  | create_tables:create_tables:122 - ¡Todas las tablas fueron creadas correctamente!
2025-04-05 12:34:27 | INFO     | create_tables:create_tables:129 - Conexión cerrada.
2025-04-05 12:34:27 | SUCCESS  | upload_companies:upload_companies:143 - Companies upload completed!
2025-04-05 12:34:27 | ERROR    | upload_models_data:insert_models_from_json:71 - JSON not found: examples/models/metadata/hierarchy.json
2025-04-05 12:34:28 | INFO     | upload_evaluation_data:insert_data_from_csv:73 - Reading CSV file: examples/results/evaluation_results.csv
2025-04-05 12:34:28 | WARNING  | upload_evaluation_data:insert_data_from_csv:89 - Row with missing data — skipping.
2025-04-05 12:34:28 | WARNING  | upload_evaluation_data:insert_data_from_csv:89 - Row with missing data — skipping.
2025-04-05 12:34:28 | WARNING  | upload_evaluation_data:insert_data_from_csv:89 - Row with missing data — skipping.
2025-04-05 12:34:28 | WARNING  | upload_evaluation_data:insert_data_from_csv:89 - Row with missing data — skipping.
2025-04-05 12:34:28 | WARNING  | upload_evaluation_data:insert_data_from_csv:89 - Row with missing data — skipping.
2025-04-05 12:34:28 | WARNING  | upload_evaluation_data:insert_data_from_csv:89 - Row with missing data — skipping.
2025-04-05 12:34:28 | WARNING  | upload_evaluation_data:insert_data_from_csv:89 - Row with missing data — skipping.
2025-04-05 12:34:28 | WARNING  | upload_evaluation_data:insert_data_from_csv:89 - Row with missing data — skipping.
2025-04-05 12:34:28 | WARNING  | upload_evaluation_data:insert_data_from_csv:89 - Row with missing data — skipping.
2025-04-05 12:34:28 | INFO     | upload_evaluation_data:insert_data_from_csv:129 - Finished insertion. Total inserted: 0, skipped: 9
2025-04-05 12:34:28 | INFO     | upload_evaluation_data:insert_data_from_csv:139 - Database connection closed.
2025-04-05 14:52:09 | INFO     | create_tables:create_tables:113 - Conectando a la base de datos...
2025-04-05 14:52:09 | INFO     | create_tables:create_tables:118 - Creando tabla: users
2025-04-05 14:52:09 | INFO     | create_tables:create_tables:118 - Creando tabla: models
2025-04-05 14:52:09 | INFO     | create_tables:create_tables:118 - Creando tabla: companies
2025-04-05 14:52:09 | INFO     | create_tables:create_tables:118 - Creando tabla: model_companies
2025-04-05 14:52:09 | INFO     | create_tables:create_tables:118 - Creando tabla: favorites
2025-04-05 14:52:09 | INFO     | create_tables:create_tables:118 - Creando tabla: portfolios
2025-04-05 14:52:09 | INFO     | create_tables:create_tables:118 - Creando tabla: portfolio_companies
2025-04-05 14:52:09 | INFO     | create_tables:create_tables:118 - Creando tabla: portfolio_weights
2025-04-05 14:52:09 | INFO     | create_tables:create_tables:118 - Creando tabla: evaluations
2025-04-05 14:52:09 | INFO     | create_tables:create_tables:118 - Creando tabla: evaluation_metrics
2025-04-05 14:52:09 | SUCCESS  | create_tables:create_tables:122 - ¡Todas las tablas fueron creadas correctamente!
2025-04-05 14:52:09 | INFO     | create_tables:create_tables:129 - Conexión cerrada.
2025-04-05 14:52:09 | SUCCESS  | upload_companies:upload_companies:143 - Companies upload completed!
2025-04-05 14:52:09 | ERROR    | upload_models_data:insert_models_from_json:71 - JSON not found: examples/models/metadata/hierarchy.json
2025-04-05 14:52:10 | INFO     | upload_evaluation_data:insert_data_from_csv:73 - Reading CSV file: examples/results/evaluation_results.csv
2025-04-05 14:52:10 | WARNING  | upload_evaluation_data:insert_data_from_csv:89 - Row with missing data — skipping.
2025-04-05 14:52:10 | WARNING  | upload_evaluation_data:insert_data_from_csv:89 - Row with missing data — skipping.
2025-04-05 14:52:10 | WARNING  | upload_evaluation_data:insert_data_from_csv:89 - Row with missing data — skipping.
2025-04-05 14:52:10 | WARNING  | upload_evaluation_data:insert_data_from_csv:89 - Row with missing data — skipping.
2025-04-05 14:52:10 | WARNING  | upload_evaluation_data:insert_data_from_csv:89 - Row with missing data — skipping.
2025-04-05 14:52:10 | WARNING  | upload_evaluation_data:insert_data_from_csv:89 - Row with missing data — skipping.
2025-04-05 14:52:10 | WARNING  | upload_evaluation_data:insert_data_from_csv:89 - Row with missing data — skipping.
2025-04-05 14:52:10 | WARNING  | upload_evaluation_data:insert_data_from_csv:89 - Row with missing data — skipping.
2025-04-05 14:52:10 | WARNING  | upload_evaluation_data:insert_data_from_csv:89 - Row with missing data — skipping.
2025-04-05 14:52:10 | INFO     | upload_evaluation_data:insert_data_from_csv:129 - Finished insertion. Total inserted: 0, skipped: 9
2025-04-05 14:52:10 | INFO     | upload_evaluation_data:insert_data_from_csv:139 - Database connection closed.
2025-04-05 14:58:25 | INFO     | create_tables:create_tables:113 - Conectando a la base de datos...
2025-04-05 14:58:25 | INFO     | create_tables:create_tables:118 - Creando tabla: users
2025-04-05 14:58:25 | INFO     | create_tables:create_tables:118 - Creando tabla: models
2025-04-05 14:58:25 | INFO     | create_tables:create_tables:118 - Creando tabla: companies
2025-04-05 14:58:25 | INFO     | create_tables:create_tables:118 - Creando tabla: model_companies
2025-04-05 14:58:25 | INFO     | create_tables:create_tables:118 - Creando tabla: favorites
2025-04-05 14:58:25 | INFO     | create_tables:create_tables:118 - Creando tabla: portfolios
2025-04-05 14:58:25 | INFO     | create_tables:create_tables:118 - Creando tabla: portfolio_companies
2025-04-05 14:58:25 | INFO     | create_tables:create_tables:118 - Creando tabla: portfolio_weights
2025-04-05 14:58:25 | INFO     | create_tables:create_tables:118 - Creando tabla: evaluations
2025-04-05 14:58:25 | INFO     | create_tables:create_tables:118 - Creando tabla: evaluation_metrics
2025-04-05 14:58:25 | SUCCESS  | create_tables:create_tables:122 - ¡Todas las tablas fueron creadas correctamente!
2025-04-05 14:58:25 | INFO     | create_tables:create_tables:129 - Conexión cerrada.
2025-04-05 14:58:25 | SUCCESS  | upload_companies:upload_companies:143 - Companies upload completed!
2025-04-05 14:58:25 | ERROR    | upload_models_data:insert_models_from_json:71 - JSON not found: examples/models/metadata/hierarchy.json
2025-04-05 14:58:26 | INFO     | upload_evaluation_data:insert_data_from_csv:73 - Reading CSV file: examples/results/evaluation_results.csv
2025-04-05 14:58:26 | WARNING  | upload_evaluation_data:insert_data_from_csv:89 - Row with missing data — skipping.
2025-04-05 14:58:26 | WARNING  | upload_evaluation_data:insert_data_from_csv:89 - Row with missing data — skipping.
2025-04-05 14:58:26 | WARNING  | upload_evaluation_data:insert_data_from_csv:89 - Row with missing data — skipping.
2025-04-05 14:58:26 | WARNING  | upload_evaluation_data:insert_data_from_csv:89 - Row with missing data — skipping.
2025-04-05 14:58:26 | WARNING  | upload_evaluation_data:insert_data_from_csv:89 - Row with missing data — skipping.
2025-04-05 14:58:26 | WARNING  | upload_evaluation_data:insert_data_from_csv:89 - Row with missing data — skipping.
2025-04-05 14:58:26 | WARNING  | upload_evaluation_data:insert_data_from_csv:89 - Row with missing data — skipping.
2025-04-05 14:58:26 | WARNING  | upload_evaluation_data:insert_data_from_csv:89 - Row with missing data — skipping.
2025-04-05 14:58:26 | WARNING  | upload_evaluation_data:insert_data_from_csv:89 - Row with missing data — skipping.
2025-04-05 14:58:26 | INFO     | upload_evaluation_data:insert_data_from_csv:129 - Finished insertion. Total inserted: 0, skipped: 9
2025-04-05 14:58:26 | INFO     | upload_evaluation_data:insert_data_from_csv:139 - Database connection closed.
2025-04-05 15:01:00 | INFO     | create_tables:create_tables:113 - Conectando a la base de datos...
2025-04-05 15:01:00 | INFO     | create_tables:create_tables:118 - Creando tabla: users
2025-04-05 15:01:00 | INFO     | create_tables:create_tables:118 - Creando tabla: models
2025-04-05 15:01:00 | INFO     | create_tables:create_tables:118 - Creando tabla: companies
2025-04-05 15:01:00 | INFO     | create_tables:create_tables:118 - Creando tabla: model_companies
2025-04-05 15:01:00 | INFO     | create_tables:create_tables:118 - Creando tabla: favorites
2025-04-05 15:01:00 | INFO     | create_tables:create_tables:118 - Creando tabla: portfolios
2025-04-05 15:01:00 | INFO     | create_tables:create_tables:118 - Creando tabla: portfolio_companies
2025-04-05 15:01:00 | INFO     | create_tables:create_tables:118 - Creando tabla: portfolio_weights
2025-04-05 15:01:00 | INFO     | create_tables:create_tables:118 - Creando tabla: evaluations
2025-04-05 15:01:00 | INFO     | create_tables:create_tables:118 - Creando tabla: evaluation_metrics
2025-04-05 15:01:00 | SUCCESS  | create_tables:create_tables:122 - ¡Todas las tablas fueron creadas correctamente!
2025-04-05 15:01:00 | INFO     | create_tables:create_tables:129 - Conexión cerrada.
2025-04-05 15:01:00 | SUCCESS  | upload_companies:upload_companies:143 - Companies upload completed!
2025-04-05 15:01:00 | ERROR    | upload_models_data:insert_models_from_json:71 - JSON not found: examples/models/metadata/hierarchy.json
2025-04-05 15:01:00 | INFO     | upload_evaluation_data:insert_data_from_csv:73 - Reading CSV file: examples/results/evaluation_results.csv
2025-04-05 15:01:00 | WARNING  | upload_evaluation_data:insert_data_from_csv:89 - Row with missing data — skipping.
2025-04-05 15:01:00 | WARNING  | upload_evaluation_data:insert_data_from_csv:89 - Row with missing data — skipping.
2025-04-05 15:01:00 | WARNING  | upload_evaluation_data:insert_data_from_csv:89 - Row with missing data — skipping.
2025-04-05 15:01:00 | WARNING  | upload_evaluation_data:insert_data_from_csv:89 - Row with missing data — skipping.
2025-04-05 15:01:00 | WARNING  | upload_evaluation_data:insert_data_from_csv:89 - Row with missing data — skipping.
2025-04-05 15:01:00 | WARNING  | upload_evaluation_data:insert_data_from_csv:89 - Row with missing data — skipping.
2025-04-05 15:01:00 | WARNING  | upload_evaluation_data:insert_data_from_csv:89 - Row with missing data — skipping.
2025-04-05 15:01:00 | WARNING  | upload_evaluation_data:insert_data_from_csv:89 - Row with missing data — skipping.
2025-04-05 15:01:00 | WARNING  | upload_evaluation_data:insert_data_from_csv:89 - Row with missing data — skipping.
2025-04-05 15:01:00 | INFO     | upload_evaluation_data:insert_data_from_csv:129 - Finished insertion. Total inserted: 0, skipped: 9
2025-04-05 15:01:00 | INFO     | upload_evaluation_data:insert_data_from_csv:139 - Database connection closed.
2025-04-05 15:44:24 | INFO     | create_tables:create_tables:113 - Conectando a la base de datos...
2025-04-05 15:44:24 | INFO     | create_tables:create_tables:118 - Creando tabla: users
2025-04-05 15:44:24 | INFO     | create_tables:create_tables:118 - Creando tabla: models
2025-04-05 15:44:24 | INFO     | create_tables:create_tables:118 - Creando tabla: companies
2025-04-05 15:44:24 | INFO     | create_tables:create_tables:118 - Creando tabla: model_companies
2025-04-05 15:44:24 | INFO     | create_tables:create_tables:118 - Creando tabla: favorites
2025-04-05 15:44:24 | INFO     | create_tables:create_tables:118 - Creando tabla: portfolios
2025-04-05 15:44:24 | INFO     | create_tables:create_tables:118 - Creando tabla: portfolio_companies
2025-04-05 15:44:24 | INFO     | create_tables:create_tables:118 - Creando tabla: portfolio_weights
2025-04-05 15:44:24 | INFO     | create_tables:create_tables:118 - Creando tabla: evaluations
2025-04-05 15:44:24 | INFO     | create_tables:create_tables:118 - Creando tabla: evaluation_metrics
2025-04-05 15:44:24 | SUCCESS  | create_tables:create_tables:122 - ¡Todas las tablas fueron creadas correctamente!
2025-04-05 15:44:24 | INFO     | create_tables:create_tables:129 - Conexión cerrada.
2025-04-05 15:44:24 | SUCCESS  | upload_companies:upload_companies:143 - Companies upload completed!
2025-04-05 15:44:24 | ERROR    | upload_models_data:insert_models_from_json:71 - JSON not found: examples/models/metadata/hierarchy.json
2025-04-05 15:45:03 | INFO     | create_tables:create_tables:113 - Conectando a la base de datos...
2025-04-05 15:45:03 | INFO     | create_tables:create_tables:118 - Creando tabla: users
2025-04-05 15:45:03 | INFO     | create_tables:create_tables:118 - Creando tabla: models
2025-04-05 15:45:03 | INFO     | create_tables:create_tables:118 - Creando tabla: companies
2025-04-05 15:45:03 | INFO     | create_tables:create_tables:118 - Creando tabla: model_companies
2025-04-05 15:45:03 | INFO     | create_tables:create_tables:118 - Creando tabla: favorites
2025-04-05 15:45:03 | INFO     | create_tables:create_tables:118 - Creando tabla: portfolios
2025-04-05 15:45:03 | INFO     | create_tables:create_tables:118 - Creando tabla: portfolio_companies
2025-04-05 15:45:03 | INFO     | create_tables:create_tables:118 - Creando tabla: portfolio_weights
2025-04-05 15:45:03 | INFO     | create_tables:create_tables:118 - Creando tabla: evaluations
2025-04-05 15:45:03 | INFO     | create_tables:create_tables:118 - Creando tabla: evaluation_metrics
2025-04-05 15:45:03 | SUCCESS  | create_tables:create_tables:122 - ¡Todas las tablas fueron creadas correctamente!
2025-04-05 15:45:03 | INFO     | create_tables:create_tables:129 - Conexión cerrada.
2025-04-05 15:45:03 | SUCCESS  | upload_companies:upload_companies:143 - Companies upload completed!
2025-04-05 15:45:03 | ERROR    | upload_models_data:insert_models_from_json:71 - JSON not found: examples/models/metadata/hierarchy.json
2025-04-05 15:45:04 | INFO     | upload_evaluation_data:insert_data_from_csv:73 - Reading CSV file: examples/results/evaluation_results.csv
2025-04-05 15:45:04 | WARNING  | upload_evaluation_data:insert_data_from_csv:89 - Row with missing data — skipping.
2025-04-05 15:45:04 | WARNING  | upload_evaluation_data:insert_data_from_csv:89 - Row with missing data — skipping.
2025-04-05 15:45:04 | WARNING  | upload_evaluation_data:insert_data_from_csv:89 - Row with missing data — skipping.
2025-04-05 15:45:04 | WARNING  | upload_evaluation_data:insert_data_from_csv:89 - Row with missing data — skipping.
2025-04-05 15:45:04 | WARNING  | upload_evaluation_data:insert_data_from_csv:89 - Row with missing data — skipping.
2025-04-05 15:45:04 | WARNING  | upload_evaluation_data:insert_data_from_csv:89 - Row with missing data — skipping.
2025-04-05 15:45:04 | WARNING  | upload_evaluation_data:insert_data_from_csv:89 - Row with missing data — skipping.
2025-04-05 15:45:04 | WARNING  | upload_evaluation_data:insert_data_from_csv:89 - Row with missing data — skipping.
2025-04-05 15:45:04 | WARNING  | upload_evaluation_data:insert_data_from_csv:89 - Row with missing data — skipping.
2025-04-05 15:45:04 | INFO     | upload_evaluation_data:insert_data_from_csv:129 - Finished insertion. Total inserted: 0, skipped: 9
2025-04-05 15:45:04 | INFO     | upload_evaluation_data:insert_data_from_csv:139 - Database connection closed.
2025-04-05 16:06:25 | INFO     | create_tables:create_tables:113 - Conectando a la base de datos...
2025-04-05 16:06:25 | INFO     | create_tables:create_tables:118 - Creando tabla: users
2025-04-05 16:06:25 | INFO     | create_tables:create_tables:118 - Creando tabla: models
2025-04-05 16:06:25 | INFO     | create_tables:create_tables:118 - Creando tabla: companies
2025-04-05 16:06:25 | INFO     | create_tables:create_tables:118 - Creando tabla: model_companies
2025-04-05 16:06:25 | INFO     | create_tables:create_tables:118 - Creando tabla: favorites
2025-04-05 16:06:25 | INFO     | create_tables:create_tables:118 - Creando tabla: portfolios
2025-04-05 16:06:25 | INFO     | create_tables:create_tables:118 - Creando tabla: portfolio_companies
2025-04-05 16:06:25 | INFO     | create_tables:create_tables:118 - Creando tabla: portfolio_weights
2025-04-05 16:06:25 | INFO     | create_tables:create_tables:118 - Creando tabla: evaluations
2025-04-05 16:06:25 | INFO     | create_tables:create_tables:118 - Creando tabla: evaluation_metrics
2025-04-05 16:06:25 | SUCCESS  | create_tables:create_tables:122 - ¡Todas las tablas fueron creadas correctamente!
2025-04-05 16:06:25 | INFO     | create_tables:create_tables:129 - Conexión cerrada.
2025-04-05 16:06:25 | SUCCESS  | upload_companies:upload_companies:143 - Companies upload completed!
2025-04-05 16:06:25 | ERROR    | upload_models_data:insert_models_from_json:71 - JSON not found: examples/models/metadata/hierarchy.json
2025-04-05 16:07:12 | INFO     | create_tables:create_tables:113 - Conectando a la base de datos...
2025-04-05 16:07:12 | INFO     | create_tables:create_tables:118 - Creando tabla: users
2025-04-05 16:07:12 | INFO     | create_tables:create_tables:118 - Creando tabla: models
2025-04-05 16:07:12 | INFO     | create_tables:create_tables:118 - Creando tabla: companies
2025-04-05 16:07:12 | INFO     | create_tables:create_tables:118 - Creando tabla: model_companies
2025-04-05 16:07:12 | INFO     | create_tables:create_tables:118 - Creando tabla: favorites
2025-04-05 16:07:12 | INFO     | create_tables:create_tables:118 - Creando tabla: portfolios
2025-04-05 16:07:12 | INFO     | create_tables:create_tables:118 - Creando tabla: portfolio_companies
2025-04-05 16:07:12 | INFO     | create_tables:create_tables:118 - Creando tabla: portfolio_weights
2025-04-05 16:07:12 | INFO     | create_tables:create_tables:118 - Creando tabla: evaluations
2025-04-05 16:07:12 | INFO     | create_tables:create_tables:118 - Creando tabla: evaluation_metrics
2025-04-05 16:07:12 | SUCCESS  | create_tables:create_tables:122 - ¡Todas las tablas fueron creadas correctamente!
2025-04-05 16:07:12 | INFO     | create_tables:create_tables:129 - Conexión cerrada.
2025-04-05 16:07:12 | SUCCESS  | upload_companies:upload_companies:143 - Companies upload completed!
2025-04-05 16:07:13 | ERROR    | upload_models_data:insert_models_from_json:71 - JSON not found: examples/models/metadata/hierarchy.json
2025-04-05 16:08:07 | INFO     | create_tables:create_tables:113 - Conectando a la base de datos...
2025-04-05 16:08:07 | INFO     | create_tables:create_tables:118 - Creando tabla: users
2025-04-05 16:08:07 | INFO     | create_tables:create_tables:118 - Creando tabla: models
2025-04-05 16:08:07 | INFO     | create_tables:create_tables:118 - Creando tabla: companies
2025-04-05 16:08:07 | INFO     | create_tables:create_tables:118 - Creando tabla: model_companies
2025-04-05 16:08:07 | INFO     | create_tables:create_tables:118 - Creando tabla: favorites
2025-04-05 16:08:07 | INFO     | create_tables:create_tables:118 - Creando tabla: portfolios
2025-04-05 16:08:07 | INFO     | create_tables:create_tables:118 - Creando tabla: portfolio_companies
2025-04-05 16:08:07 | INFO     | create_tables:create_tables:118 - Creando tabla: portfolio_weights
2025-04-05 16:08:07 | INFO     | create_tables:create_tables:118 - Creando tabla: evaluations
2025-04-05 16:08:07 | INFO     | create_tables:create_tables:118 - Creando tabla: evaluation_metrics
2025-04-05 16:08:07 | SUCCESS  | create_tables:create_tables:122 - ¡Todas las tablas fueron creadas correctamente!
2025-04-05 16:08:07 | INFO     | create_tables:create_tables:129 - Conexión cerrada.
2025-04-05 16:08:08 | SUCCESS  | upload_companies:upload_companies:143 - Companies upload completed!
2025-04-05 16:08:08 | ERROR    | upload_models_data:insert_models_from_json:71 - JSON not found: examples/models/metadata/hierarchy.json
2025-04-05 16:08:08 | INFO     | upload_evaluation_data:insert_data_from_csv:73 - Reading CSV file: examples/results/evaluation_results.csv
2025-04-05 16:08:08 | WARNING  | upload_evaluation_data:insert_data_from_csv:89 - Row with missing data — skipping.
2025-04-05 16:08:08 | WARNING  | upload_evaluation_data:insert_data_from_csv:89 - Row with missing data — skipping.
2025-04-05 16:08:08 | WARNING  | upload_evaluation_data:insert_data_from_csv:89 - Row with missing data — skipping.
2025-04-05 16:08:08 | WARNING  | upload_evaluation_data:insert_data_from_csv:89 - Row with missing data — skipping.
2025-04-05 16:08:08 | WARNING  | upload_evaluation_data:insert_data_from_csv:89 - Row with missing data — skipping.
2025-04-05 16:08:08 | WARNING  | upload_evaluation_data:insert_data_from_csv:89 - Row with missing data — skipping.
2025-04-05 16:08:08 | WARNING  | upload_evaluation_data:insert_data_from_csv:89 - Row with missing data — skipping.
2025-04-05 16:08:08 | WARNING  | upload_evaluation_data:insert_data_from_csv:89 - Row with missing data — skipping.
2025-04-05 16:08:08 | WARNING  | upload_evaluation_data:insert_data_from_csv:89 - Row with missing data — skipping.
2025-04-05 16:08:08 | INFO     | upload_evaluation_data:insert_data_from_csv:129 - Finished insertion. Total inserted: 0, skipped: 9
2025-04-05 16:08:08 | INFO     | upload_evaluation_data:insert_data_from_csv:139 - Database connection closed.
2025-04-05 16:22:45 | INFO     | create_tables:create_tables:113 - Conectando a la base de datos...
2025-04-05 16:22:45 | INFO     | create_tables:create_tables:118 - Creando tabla: users
2025-04-05 16:22:45 | INFO     | create_tables:create_tables:118 - Creando tabla: models
2025-04-05 16:22:45 | INFO     | create_tables:create_tables:118 - Creando tabla: companies
2025-04-05 16:22:45 | INFO     | create_tables:create_tables:118 - Creando tabla: model_companies
2025-04-05 16:22:45 | INFO     | create_tables:create_tables:118 - Creando tabla: favorites
2025-04-05 16:22:45 | INFO     | create_tables:create_tables:118 - Creando tabla: portfolios
2025-04-05 16:22:45 | INFO     | create_tables:create_tables:118 - Creando tabla: portfolio_companies
2025-04-05 16:22:45 | INFO     | create_tables:create_tables:118 - Creando tabla: portfolio_weights
2025-04-05 16:22:45 | INFO     | create_tables:create_tables:118 - Creando tabla: evaluations
2025-04-05 16:22:45 | INFO     | create_tables:create_tables:118 - Creando tabla: evaluation_metrics
2025-04-05 16:22:45 | SUCCESS  | create_tables:create_tables:122 - ¡Todas las tablas fueron creadas correctamente!
2025-04-05 16:22:45 | INFO     | create_tables:create_tables:129 - Conexión cerrada.
2025-04-05 16:22:46 | SUCCESS  | upload_companies:upload_companies:143 - Companies upload completed!
2025-04-05 16:22:46 | INFO     | upload_models_data:insert_models_from_json:107 - Inserted model 'PPO-LSTM-ncompanies_12-lr_0.0003' with ID 1
2025-04-05 16:22:46 | INFO     | upload_models_data:insert_models_from_json:107 - Inserted model 'PPO-NoFeature-ncompanies_6-lr_0.0003' with ID 2
2025-04-05 16:22:46 | INFO     | upload_models_data:insert_models_from_json:107 - Inserted model 'PPO-CNNLSTM-ncompanies_6-lr_0.003' with ID 3
2025-04-05 16:22:46 | INFO     | upload_models_data:insert_models_from_json:107 - Inserted model 'SAC-LSTM-ncompanies_12-lr_0.0001' with ID 4
2025-04-05 16:22:46 | INFO     | upload_models_data:insert_models_from_json:107 - Inserted model 'SAC-NoFeature-ncompanies_18-lr_0.003' with ID 5
2025-04-05 16:22:46 | INFO     | upload_models_data:insert_models_from_json:107 - Inserted model 'SAC-CNNLSTM-ncompanies_6-lr_0.0003' with ID 6
2025-04-05 16:22:46 | INFO     | upload_models_data:insert_models_from_json:107 - Inserted model 'SAC-CNNLSTM-ncompanies_12-lr_0.0003' with ID 7
2025-04-05 16:22:46 | SUCCESS  | upload_models_data:insert_models_from_json:122 - Model metadata inserted successfully!
2025-04-05 16:22:46 | INFO     | upload_evaluation_data:insert_data_from_csv:73 - Reading CSV file: examples/results/evaluation_results.csv
2025-04-05 16:22:46 | WARNING  | upload_evaluation_data:insert_data_from_csv:89 - Row with missing data — skipping.
2025-04-05 16:22:46 | WARNING  | upload_evaluation_data:insert_data_from_csv:89 - Row with missing data — skipping.
2025-04-05 16:22:46 | WARNING  | upload_evaluation_data:insert_data_from_csv:89 - Row with missing data — skipping.
2025-04-05 16:22:46 | WARNING  | upload_evaluation_data:insert_data_from_csv:89 - Row with missing data — skipping.
2025-04-05 16:22:46 | WARNING  | upload_evaluation_data:insert_data_from_csv:89 - Row with missing data — skipping.
2025-04-05 16:22:46 | WARNING  | upload_evaluation_data:insert_data_from_csv:89 - Row with missing data — skipping.
2025-04-05 16:22:46 | WARNING  | upload_evaluation_data:insert_data_from_csv:89 - Row with missing data — skipping.
2025-04-05 16:22:46 | WARNING  | upload_evaluation_data:insert_data_from_csv:89 - Row with missing data — skipping.
2025-04-05 16:22:46 | WARNING  | upload_evaluation_data:insert_data_from_csv:89 - Row with missing data — skipping.
2025-04-05 16:22:46 | INFO     | upload_evaluation_data:insert_data_from_csv:129 - Finished insertion. Total inserted: 0, skipped: 9
2025-04-05 16:22:46 | INFO     | upload_evaluation_data:insert_data_from_csv:139 - Database connection closed.
2025-04-05 16:25:43 | INFO     | create_tables:create_tables:113 - Conectando a la base de datos...
2025-04-05 16:25:43 | INFO     | create_tables:create_tables:118 - Creando tabla: users
2025-04-05 16:25:43 | INFO     | create_tables:create_tables:118 - Creando tabla: models
2025-04-05 16:25:43 | INFO     | create_tables:create_tables:118 - Creando tabla: companies
2025-04-05 16:25:43 | INFO     | create_tables:create_tables:118 - Creando tabla: model_companies
2025-04-05 16:25:43 | INFO     | create_tables:create_tables:118 - Creando tabla: favorites
2025-04-05 16:25:43 | INFO     | create_tables:create_tables:118 - Creando tabla: portfolios
2025-04-05 16:25:43 | INFO     | create_tables:create_tables:118 - Creando tabla: portfolio_companies
2025-04-05 16:25:43 | INFO     | create_tables:create_tables:118 - Creando tabla: portfolio_weights
2025-04-05 16:25:43 | INFO     | create_tables:create_tables:118 - Creando tabla: evaluations
2025-04-05 16:25:43 | INFO     | create_tables:create_tables:118 - Creando tabla: evaluation_metrics
2025-04-05 16:25:43 | SUCCESS  | create_tables:create_tables:122 - ¡Todas las tablas fueron creadas correctamente!
2025-04-05 16:25:43 | INFO     | create_tables:create_tables:129 - Conexión cerrada.
2025-04-05 16:25:43 | SUCCESS  | upload_companies:upload_companies:143 - Companies upload completed!
2025-04-05 16:25:44 | ERROR    | upload_models_data:insert_models_from_json:125 - Error during model metadata upload: duplicate key value violates unique constraint "models_name_algorithm_feature_extractor_key"
DETAIL:  Key (name, algorithm, feature_extractor)=(PPO-LSTM-ncompanies_12-lr_0.0003, PPO, LSTM) already exists.

Traceback (most recent call last):

  File "/app/web/db/upload_models_data.py", line 134, in <module>
    insert_models_from_json(args.json_file)
    │                       │    └ PosixPath('examples/models/metadata/hierarchy.json')
    │                       └ Namespace(json_file=PosixPath('examples/models/metadata/hierarchy.json'))
    └ <function insert_models_from_json at 0x7f4c1373d6c0>

> File "/app/web/db/upload_models_data.py", line 94, in insert_models_from_json
    cursor.execute(
    │      └ <method 'execute' of 'psycopg2.extensions.cursor' objects>
    └ <cursor object at 0x7f4c19715f30; closed: -1>

psycopg2.errors.UniqueViolation: duplicate key value violates unique constraint "models_name_algorithm_feature_extractor_key"
DETAIL:  Key (name, algorithm, feature_extractor)=(PPO-LSTM-ncompanies_12-lr_0.0003, PPO, LSTM) already exists.

2025-04-05 16:25:45 | INFO     | upload_evaluation_data:insert_data_from_csv:73 - Reading CSV file: examples/results/evaluation_results.csv
2025-04-05 16:25:45 | WARNING  | upload_evaluation_data:insert_data_from_csv:105 - Model not found in database: PPO_reward_log_reward_normalize_standard_ncompanies_6_20250326-133104_lr_0.003
2025-04-05 16:25:45 | WARNING  | upload_evaluation_data:insert_data_from_csv:105 - Model not found in database: PPO_reward_log_reward_normalize_standard_ncompanies_6_20250326-133104_lr_0.003
2025-04-05 16:25:45 | WARNING  | upload_evaluation_data:insert_data_from_csv:105 - Model not found in database: PPO_reward_log_reward_normalize_standard_ncompanies_12_20250324-015154_lr_0.0003
2025-04-05 16:25:45 | WARNING  | upload_evaluation_data:insert_data_from_csv:105 - Model not found in database: PPO_reward_log_reward_normalize_standard_ncompanies_12_20250324-015154_lr_0.0003
2025-04-05 16:25:45 | WARNING  | upload_evaluation_data:insert_data_from_csv:105 - Model not found in database: PPO_reward_log_reward_normalize_standard_ncompanies_6_20250326-084253_lr_0.0003
2025-04-05 16:25:45 | WARNING  | upload_evaluation_data:insert_data_from_csv:105 - Model not found in database: PPO_reward_log_reward_normalize_standard_ncompanies_6_20250326-084253_lr_0.0003
2025-04-05 16:25:45 | WARNING  | upload_evaluation_data:insert_data_from_csv:105 - Model not found in database: SAC_reward_log_reward_normalize_standard_ncompanies_12_20250324-022928_lr_0.0001
2025-04-05 16:25:45 | WARNING  | upload_evaluation_data:insert_data_from_csv:105 - Model not found in database: SAC_reward_log_reward_normalize_standard_ncompanies_12_20250324-022928_lr_0.0001
2025-04-05 16:25:45 | WARNING  | upload_evaluation_data:insert_data_from_csv:105 - Model not found in database: SAC_reward_log_reward_normalize_standard_ncompanies_18_20250325-210649_lr_0.003
2025-04-05 16:25:45 | WARNING  | upload_evaluation_data:insert_data_from_csv:105 - Model not found in database: SAC_reward_log_reward_normalize_standard_ncompanies_18_20250325-210649_lr_0.003
2025-04-05 16:25:45 | INFO     | upload_evaluation_data:insert_data_from_csv:129 - Finished insertion. Total inserted: 0, skipped: 10
2025-04-05 16:25:45 | INFO     | upload_evaluation_data:insert_data_from_csv:139 - Database connection closed.
2025-04-05 16:28:59 | INFO     | create_tables:create_tables:113 - Conectando a la base de datos...
2025-04-05 16:28:59 | INFO     | create_tables:create_tables:118 - Creando tabla: users
2025-04-05 16:28:59 | INFO     | create_tables:create_tables:118 - Creando tabla: models
2025-04-05 16:28:59 | INFO     | create_tables:create_tables:118 - Creando tabla: companies
2025-04-05 16:28:59 | INFO     | create_tables:create_tables:118 - Creando tabla: model_companies
2025-04-05 16:28:59 | INFO     | create_tables:create_tables:118 - Creando tabla: favorites
2025-04-05 16:28:59 | INFO     | create_tables:create_tables:118 - Creando tabla: portfolios
2025-04-05 16:28:59 | INFO     | create_tables:create_tables:118 - Creando tabla: portfolio_companies
2025-04-05 16:28:59 | INFO     | create_tables:create_tables:118 - Creando tabla: portfolio_weights
2025-04-05 16:28:59 | INFO     | create_tables:create_tables:118 - Creando tabla: evaluations
2025-04-05 16:28:59 | INFO     | create_tables:create_tables:118 - Creando tabla: evaluation_metrics
2025-04-05 16:28:59 | SUCCESS  | create_tables:create_tables:122 - ¡Todas las tablas fueron creadas correctamente!
2025-04-05 16:28:59 | INFO     | create_tables:create_tables:129 - Conexión cerrada.
2025-04-05 16:28:59 | SUCCESS  | upload_companies:upload_companies:143 - Companies upload completed!
2025-04-05 16:28:59 | ERROR    | upload_models_data:insert_models_from_json:125 - Error during model metadata upload: duplicate key value violates unique constraint "models_name_algorithm_feature_extractor_key"
DETAIL:  Key (name, algorithm, feature_extractor)=(PPO-LSTM-ncompanies_12-lr_0.0003, PPO, LSTM) already exists.

Traceback (most recent call last):

  File "/app/web/db/upload_models_data.py", line 134, in <module>
    insert_models_from_json(args.json_file)
    │                       │    └ PosixPath('examples/models/metadata/hierarchy.json')
    │                       └ Namespace(json_file=PosixPath('examples/models/metadata/hierarchy.json'))
    └ <function insert_models_from_json at 0x7fd4fccb56c0>

> File "/app/web/db/upload_models_data.py", line 94, in insert_models_from_json
    cursor.execute(
    │      └ <method 'execute' of 'psycopg2.extensions.cursor' objects>
    └ <cursor object at 0x7fd4febc1f30; closed: -1>

psycopg2.errors.UniqueViolation: duplicate key value violates unique constraint "models_name_algorithm_feature_extractor_key"
DETAIL:  Key (name, algorithm, feature_extractor)=(PPO-LSTM-ncompanies_12-lr_0.0003, PPO, LSTM) already exists.

2025-04-05 16:29:00 | INFO     | upload_evaluation_data:insert_data_from_csv:73 - Reading CSV file: examples/results/evaluation_results.csv
2025-04-05 16:29:00 | INFO     | upload_evaluation_data:insert_data_from_csv:125 - Inserted: PPO-CNNLSTM-ncompanies_6-lr_0.003 | train
2025-04-05 16:29:00 | INFO     | upload_evaluation_data:insert_data_from_csv:125 - Inserted: PPO-CNNLSTM-ncompanies_6-lr_0.003 | eval
2025-04-05 16:29:00 | INFO     | upload_evaluation_data:insert_data_from_csv:125 - Inserted: PPO-LSTM-ncompanies_12-lr_0.0003 | train
2025-04-05 16:29:00 | INFO     | upload_evaluation_data:insert_data_from_csv:125 - Inserted: PPO-LSTM-ncompanies_12-lr_0.0003 | eval
2025-04-05 16:29:00 | INFO     | upload_evaluation_data:insert_data_from_csv:125 - Inserted: PPO-NoFeature-ncompanies_6-lr_0.0003 | train
2025-04-05 16:29:00 | INFO     | upload_evaluation_data:insert_data_from_csv:125 - Inserted: PPO-NoFeature-ncompanies_6-lr_0.0003 | eval
2025-04-05 16:29:00 | INFO     | upload_evaluation_data:insert_data_from_csv:125 - Inserted: SAC-LSTM-ncompanies_12-lr_0.0001 | train
2025-04-05 16:29:00 | INFO     | upload_evaluation_data:insert_data_from_csv:125 - Inserted: SAC-LSTM-ncompanies_12-lr_0.0001 | eval
2025-04-05 16:29:00 | INFO     | upload_evaluation_data:insert_data_from_csv:125 - Inserted: SAC-NoFeature-ncompanies_18-lr_0.003 | train
2025-04-05 16:29:00 | INFO     | upload_evaluation_data:insert_data_from_csv:125 - Inserted: SAC-NoFeature-ncompanies_18-lr_0.003 | eval
2025-04-05 16:29:00 | INFO     | upload_evaluation_data:insert_data_from_csv:125 - Inserted: SAC-CNNLSTM-ncompanies_6-lr_0.0003 | train
2025-04-05 16:29:00 | INFO     | upload_evaluation_data:insert_data_from_csv:125 - Inserted: SAC-CNNLSTM-ncompanies_6-lr_0.0003 | eval
2025-04-05 16:29:00 | INFO     | upload_evaluation_data:insert_data_from_csv:125 - Inserted: SAC-CNNLSTM-ncompanies_12-lr_0.0003 | train
2025-04-05 16:29:00 | INFO     | upload_evaluation_data:insert_data_from_csv:125 - Inserted: SAC-CNNLSTM-ncompanies_12-lr_0.0003 | eval
2025-04-05 16:29:00 | INFO     | upload_evaluation_data:insert_data_from_csv:129 - Finished insertion. Total inserted: 14, skipped: 0
2025-04-05 16:29:00 | INFO     | upload_evaluation_data:insert_data_from_csv:139 - Database connection closed.
2025-04-05 16:33:03 | INFO     | create_tables:create_tables:113 - Conectando a la base de datos...
2025-04-05 16:33:03 | INFO     | create_tables:create_tables:118 - Creando tabla: users
2025-04-05 16:33:03 | INFO     | create_tables:create_tables:118 - Creando tabla: models
2025-04-05 16:33:03 | INFO     | create_tables:create_tables:118 - Creando tabla: companies
2025-04-05 16:33:03 | INFO     | create_tables:create_tables:118 - Creando tabla: model_companies
2025-04-05 16:33:03 | INFO     | create_tables:create_tables:118 - Creando tabla: favorites
2025-04-05 16:33:03 | INFO     | create_tables:create_tables:118 - Creando tabla: portfolios
2025-04-05 16:33:03 | INFO     | create_tables:create_tables:118 - Creando tabla: portfolio_companies
2025-04-05 16:33:03 | INFO     | create_tables:create_tables:118 - Creando tabla: portfolio_weights
2025-04-05 16:33:03 | INFO     | create_tables:create_tables:118 - Creando tabla: evaluations
2025-04-05 16:33:03 | INFO     | create_tables:create_tables:118 - Creando tabla: evaluation_metrics
2025-04-05 16:33:03 | SUCCESS  | create_tables:create_tables:122 - ¡Todas las tablas fueron creadas correctamente!
2025-04-05 16:33:03 | INFO     | create_tables:create_tables:129 - Conexión cerrada.
2025-04-05 16:33:03 | SUCCESS  | upload_companies:upload_companies:143 - Companies upload completed!
2025-04-05 16:33:04 | ERROR    | upload_models_data:insert_models_from_json:125 - Error during model metadata upload: duplicate key value violates unique constraint "models_name_algorithm_feature_extractor_key"
DETAIL:  Key (name, algorithm, feature_extractor)=(PPO-LSTM-ncompanies_12-lr_0.0003, PPO, LSTM) already exists.

Traceback (most recent call last):

  File "/app/web/db/upload_models_data.py", line 134, in <module>
    insert_models_from_json(args.json_file)
    │                       │    └ PosixPath('examples/models/metadata/hierarchy.json')
    │                       └ Namespace(json_file=PosixPath('examples/models/metadata/hierarchy.json'))
    └ <function insert_models_from_json at 0x7fe4cd3396c0>

> File "/app/web/db/upload_models_data.py", line 94, in insert_models_from_json
    cursor.execute(
    │      └ <method 'execute' of 'psycopg2.extensions.cursor' objects>
    └ <cursor object at 0x7fe4cf529f30; closed: -1>

psycopg2.errors.UniqueViolation: duplicate key value violates unique constraint "models_name_algorithm_feature_extractor_key"
DETAIL:  Key (name, algorithm, feature_extractor)=(PPO-LSTM-ncompanies_12-lr_0.0003, PPO, LSTM) already exists.

2025-04-05 16:33:04 | INFO     | upload_evaluation_data:insert_data_from_csv:73 - Reading CSV file: examples/results/evaluation_results.csv
2025-04-05 16:33:04 | ERROR    | upload_evaluation_data:insert_data_from_csv:134 - Error during evaluation data upload: duplicate key value violates unique constraint "evaluations_model_id_phase_key"
DETAIL:  Key (model_id, phase)=(3, train) already exists.

Traceback (most recent call last):

  File "/app/web/db/upload_evaluation_data.py", line 144, in <module>
    insert_data_from_csv(args.csv_file)
    │                    │    └ PosixPath('examples/results/evaluation_results.csv')
    │                    └ Namespace(csv_file=PosixPath('examples/results/evaluation_results.csv'))
    └ <function insert_data_from_csv at 0x7f9b1bec9240>

> File "/app/web/db/upload_evaluation_data.py", line 112, in insert_data_from_csv
    evaluation_id = insert_evaluation(
                    └ <function insert_evaluation at 0x7f9b1bec8b80>

  File "/app/web/db/upload_evaluation_data.py", line 50, in insert_evaluation
    cursor.execute(query, (model_id, start_date, end_date, num_evals, notes, phase))
    │      │       │       │         │           │         │          │      └ 'train'
    │      │       │       │         │           │         │          └ 'Algorithm: PPO, Feature: CNNLSTM'
    │      │       │       │         │           │         └ 50
    │      │       │       │         │           └ datetime.datetime(2018, 6, 30, 0, 0)
    │      │       │       │         └ datetime.datetime(2008, 6, 30, 0, 0)
    │      │       │       └ 3
    │      │       └ '\n        INSERT INTO evaluations (model_id, start_date, end_date, num_evaluations, evaluation_notes, phase)\n        VALUES...
    │      └ <method 'execute' of 'psycopg2.extensions.cursor' objects>
    └ <cursor object at 0x7f9b202e7c40; closed: -1>

psycopg2.errors.UniqueViolation: duplicate key value violates unique constraint "evaluations_model_id_phase_key"
DETAIL:  Key (model_id, phase)=(3, train) already exists.

2025-04-05 16:33:04 | INFO     | upload_evaluation_data:insert_data_from_csv:139 - Database connection closed.
2025-04-06 15:34:00 | INFO     | create_tables:create_tables:113 - Conectando a la base de datos...
2025-04-06 15:34:00 | INFO     | create_tables:create_tables:118 - Creando tabla: users
2025-04-06 15:34:00 | INFO     | create_tables:create_tables:118 - Creando tabla: models
2025-04-06 15:34:00 | INFO     | create_tables:create_tables:118 - Creando tabla: companies
2025-04-06 15:34:00 | INFO     | create_tables:create_tables:118 - Creando tabla: model_companies
2025-04-06 15:34:00 | INFO     | create_tables:create_tables:118 - Creando tabla: favorites
2025-04-06 15:34:00 | INFO     | create_tables:create_tables:118 - Creando tabla: portfolios
2025-04-06 15:34:00 | INFO     | create_tables:create_tables:118 - Creando tabla: portfolio_companies
2025-04-06 15:34:00 | INFO     | create_tables:create_tables:118 - Creando tabla: portfolio_weights
2025-04-06 15:34:00 | INFO     | create_tables:create_tables:118 - Creando tabla: evaluations
2025-04-06 15:34:00 | INFO     | create_tables:create_tables:118 - Creando tabla: evaluation_metrics
2025-04-06 15:34:00 | SUCCESS  | create_tables:create_tables:122 - ¡Todas las tablas fueron creadas correctamente!
2025-04-06 15:34:00 | INFO     | create_tables:create_tables:129 - Conexión cerrada.
2025-04-06 15:34:00 | SUCCESS  | upload_companies:upload_companies:143 - Companies upload completed!
2025-04-06 15:34:00 | ERROR    | upload_models_data:insert_models_from_json:125 - Error during model metadata upload: duplicate key value violates unique constraint "models_name_algorithm_feature_extractor_key"
DETAIL:  Key (name, algorithm, feature_extractor)=(PPO-LSTM-ncompanies_12-lr_0.0003, PPO, LSTM) already exists.

Traceback (most recent call last):

  File "/app/web/db/upload_models_data.py", line 134, in <module>
    insert_models_from_json(args.json_file)
    │                       │    └ PosixPath('examples/models/metadata/hierarchy.json')
    │                       └ Namespace(json_file=PosixPath('examples/models/metadata/hierarchy.json'))
    └ <function insert_models_from_json at 0x7f1051754820>

> File "/app/web/db/upload_models_data.py", line 94, in insert_models_from_json
    cursor.execute(
    │      └ <method 'execute' of 'psycopg2.extensions.cursor' objects>
    └ <cursor object at 0x7f10538ba110; closed: -1>

psycopg2.errors.UniqueViolation: duplicate key value violates unique constraint "models_name_algorithm_feature_extractor_key"
DETAIL:  Key (name, algorithm, feature_extractor)=(PPO-LSTM-ncompanies_12-lr_0.0003, PPO, LSTM) already exists.

2025-04-06 15:34:01 | INFO     | upload_evaluation_data:insert_data_from_csv:73 - Reading CSV file: examples/results/evaluation_results.csv
2025-04-06 15:34:01 | ERROR    | upload_evaluation_data:insert_data_from_csv:134 - Error during evaluation data upload: duplicate key value violates unique constraint "evaluations_model_id_phase_key"
DETAIL:  Key (model_id, phase)=(3, train) already exists.

Traceback (most recent call last):

  File "/app/web/db/upload_evaluation_data.py", line 144, in <module>
    insert_data_from_csv(args.csv_file)
    │                    │    └ PosixPath('examples/results/evaluation_results.csv')
    │                    └ Namespace(csv_file=PosixPath('examples/results/evaluation_results.csv'))
    └ <function insert_data_from_csv at 0x7f7bbc9bf130>

> File "/app/web/db/upload_evaluation_data.py", line 112, in insert_data_from_csv
    evaluation_id = insert_evaluation(
                    └ <function insert_evaluation at 0x7f7bbc9bea70>

  File "/app/web/db/upload_evaluation_data.py", line 50, in insert_evaluation
    cursor.execute(query, (model_id, start_date, end_date, num_evals, notes, phase))
    │      │       │       │         │           │         │          │      └ 'train'
    │      │       │       │         │           │         │          └ 'Algorithm: PPO, Feature: CNNLSTM'
    │      │       │       │         │           │         └ 50
    │      │       │       │         │           └ datetime.datetime(2018, 6, 30, 0, 0)
    │      │       │       │         └ datetime.datetime(2008, 6, 30, 0, 0)
    │      │       │       └ 3
    │      │       └ '\n        INSERT INTO evaluations (model_id, start_date, end_date, num_evaluations, evaluation_notes, phase)\n        VALUES...
    │      └ <method 'execute' of 'psycopg2.extensions.cursor' objects>
    └ <cursor object at 0x7f7bbcdd3b50; closed: -1>

psycopg2.errors.UniqueViolation: duplicate key value violates unique constraint "evaluations_model_id_phase_key"
DETAIL:  Key (model_id, phase)=(3, train) already exists.

2025-04-06 15:34:01 | INFO     | upload_evaluation_data:insert_data_from_csv:139 - Database connection closed.
2025-04-06 16:17:59 | INFO     | create_tables:create_tables:113 - Conectando a la base de datos...
2025-04-06 16:17:59 | INFO     | create_tables:create_tables:118 - Creando tabla: users
2025-04-06 16:17:59 | INFO     | create_tables:create_tables:118 - Creando tabla: models
2025-04-06 16:17:59 | INFO     | create_tables:create_tables:118 - Creando tabla: companies
2025-04-06 16:17:59 | INFO     | create_tables:create_tables:118 - Creando tabla: model_companies
2025-04-06 16:17:59 | INFO     | create_tables:create_tables:118 - Creando tabla: favorites
2025-04-06 16:17:59 | INFO     | create_tables:create_tables:118 - Creando tabla: portfolios
2025-04-06 16:17:59 | INFO     | create_tables:create_tables:118 - Creando tabla: portfolio_companies
2025-04-06 16:17:59 | INFO     | create_tables:create_tables:118 - Creando tabla: portfolio_weights
2025-04-06 16:17:59 | INFO     | create_tables:create_tables:118 - Creando tabla: evaluations
2025-04-06 16:17:59 | INFO     | create_tables:create_tables:118 - Creando tabla: evaluation_metrics
2025-04-06 16:17:59 | SUCCESS  | create_tables:create_tables:122 - ¡Todas las tablas fueron creadas correctamente!
2025-04-06 16:17:59 | INFO     | create_tables:create_tables:129 - Conexión cerrada.
2025-04-06 16:18:00 | SUCCESS  | upload_companies:upload_companies:143 - Companies upload completed!
2025-04-06 16:18:00 | ERROR    | upload_models_data:insert_models_from_json:125 - Error during model metadata upload: duplicate key value violates unique constraint "models_name_algorithm_feature_extractor_key"
DETAIL:  Key (name, algorithm, feature_extractor)=(PPO-LSTM-ncompanies_12-lr_0.0003, PPO, LSTM) already exists.

Traceback (most recent call last):

  File "/app/web/db/upload_models_data.py", line 134, in <module>
    insert_models_from_json(args.json_file)
    │                       │    └ PosixPath('examples/models/metadata/hierarchy.json')
    │                       └ Namespace(json_file=PosixPath('examples/models/metadata/hierarchy.json'))
    └ <function insert_models_from_json at 0x7fa5cc960820>

> File "/app/web/db/upload_models_data.py", line 94, in insert_models_from_json
    cursor.execute(
    │      └ <method 'execute' of 'psycopg2.extensions.cursor' objects>
    └ <cursor object at 0x7fa5cee56110; closed: -1>

psycopg2.errors.UniqueViolation: duplicate key value violates unique constraint "models_name_algorithm_feature_extractor_key"
DETAIL:  Key (name, algorithm, feature_extractor)=(PPO-LSTM-ncompanies_12-lr_0.0003, PPO, LSTM) already exists.

2025-04-06 16:18:01 | INFO     | upload_evaluation_data:insert_data_from_csv:73 - Reading CSV file: examples/results/evaluation_results.csv
2025-04-06 16:18:01 | ERROR    | upload_evaluation_data:insert_data_from_csv:134 - Error during evaluation data upload: duplicate key value violates unique constraint "evaluations_model_id_phase_key"
DETAIL:  Key (model_id, phase)=(3, train) already exists.

Traceback (most recent call last):

  File "/app/web/db/upload_evaluation_data.py", line 144, in <module>
    insert_data_from_csv(args.csv_file)
    │                    │    └ PosixPath('examples/results/evaluation_results.csv')
    │                    └ Namespace(csv_file=PosixPath('examples/results/evaluation_results.csv'))
    └ <function insert_data_from_csv at 0x7f57b3e7b130>

> File "/app/web/db/upload_evaluation_data.py", line 112, in insert_data_from_csv
    evaluation_id = insert_evaluation(
                    └ <function insert_evaluation at 0x7f57b3e7aa70>

  File "/app/web/db/upload_evaluation_data.py", line 50, in insert_evaluation
    cursor.execute(query, (model_id, start_date, end_date, num_evals, notes, phase))
    │      │       │       │         │           │         │          │      └ 'train'
    │      │       │       │         │           │         │          └ 'Algorithm: PPO, Feature: CNNLSTM'
    │      │       │       │         │           │         └ 50
    │      │       │       │         │           └ datetime.datetime(2018, 6, 30, 0, 0)
    │      │       │       │         └ datetime.datetime(2008, 6, 30, 0, 0)
    │      │       │       └ 3
    │      │       └ '\n        INSERT INTO evaluations (model_id, start_date, end_date, num_evaluations, evaluation_notes, phase)\n        VALUES...
    │      └ <method 'execute' of 'psycopg2.extensions.cursor' objects>
    └ <cursor object at 0x7f57b8357b50; closed: -1>

psycopg2.errors.UniqueViolation: duplicate key value violates unique constraint "evaluations_model_id_phase_key"
DETAIL:  Key (model_id, phase)=(3, train) already exists.

2025-04-06 16:18:01 | INFO     | upload_evaluation_data:insert_data_from_csv:139 - Database connection closed.
2025-04-06 17:32:47 | INFO     | create_tables:create_tables:113 - Conectando a la base de datos...
2025-04-06 17:32:47 | INFO     | create_tables:create_tables:118 - Creando tabla: users
2025-04-06 17:32:47 | INFO     | create_tables:create_tables:118 - Creando tabla: models
2025-04-06 17:32:47 | INFO     | create_tables:create_tables:118 - Creando tabla: companies
2025-04-06 17:32:47 | INFO     | create_tables:create_tables:118 - Creando tabla: model_companies
2025-04-06 17:32:47 | INFO     | create_tables:create_tables:118 - Creando tabla: favorites
2025-04-06 17:32:47 | INFO     | create_tables:create_tables:118 - Creando tabla: portfolios
2025-04-06 17:32:47 | INFO     | create_tables:create_tables:118 - Creando tabla: portfolio_companies
2025-04-06 17:32:47 | INFO     | create_tables:create_tables:118 - Creando tabla: portfolio_weights
2025-04-06 17:32:47 | INFO     | create_tables:create_tables:118 - Creando tabla: evaluations
2025-04-06 17:32:47 | INFO     | create_tables:create_tables:118 - Creando tabla: evaluation_metrics
2025-04-06 17:32:47 | SUCCESS  | create_tables:create_tables:122 - ¡Todas las tablas fueron creadas correctamente!
2025-04-06 17:32:47 | INFO     | create_tables:create_tables:129 - Conexión cerrada.
2025-04-06 17:32:47 | SUCCESS  | upload_companies:upload_companies:143 - Companies upload completed!
2025-04-06 17:32:47 | ERROR    | upload_models_data:insert_models_from_json:125 - Error during model metadata upload: duplicate key value violates unique constraint "models_name_algorithm_feature_extractor_key"
DETAIL:  Key (name, algorithm, feature_extractor)=(PPO-LSTM-ncompanies_12-lr_0.0003, PPO, LSTM) already exists.

Traceback (most recent call last):

  File "/app/web/db/upload_models_data.py", line 134, in <module>
    insert_models_from_json(args.json_file)
    │                       │    └ PosixPath('examples/models/metadata/hierarchy.json')
    │                       └ Namespace(json_file=PosixPath('examples/models/metadata/hierarchy.json'))
    └ <function insert_models_from_json at 0x7ffa1d4ec820>

> File "/app/web/db/upload_models_data.py", line 94, in insert_models_from_json
    cursor.execute(
    │      └ <method 'execute' of 'psycopg2.extensions.cursor' objects>
    └ <cursor object at 0x7ffa1f3de110; closed: -1>

psycopg2.errors.UniqueViolation: duplicate key value violates unique constraint "models_name_algorithm_feature_extractor_key"
DETAIL:  Key (name, algorithm, feature_extractor)=(PPO-LSTM-ncompanies_12-lr_0.0003, PPO, LSTM) already exists.

2025-04-06 17:32:48 | INFO     | upload_evaluation_data:insert_data_from_csv:73 - Reading CSV file: examples/results/evaluation_results.csv
2025-04-06 17:32:48 | ERROR    | upload_evaluation_data:insert_data_from_csv:134 - Error during evaluation data upload: duplicate key value violates unique constraint "evaluations_model_id_phase_key"
DETAIL:  Key (model_id, phase)=(3, train) already exists.

Traceback (most recent call last):

  File "/app/web/db/upload_evaluation_data.py", line 144, in <module>
    insert_data_from_csv(args.csv_file)
    │                    │    └ PosixPath('examples/results/evaluation_results.csv')
    │                    └ Namespace(csv_file=PosixPath('examples/results/evaluation_results.csv'))
    └ <function insert_data_from_csv at 0x7fa72950f130>

> File "/app/web/db/upload_evaluation_data.py", line 112, in insert_data_from_csv
    evaluation_id = insert_evaluation(
                    └ <function insert_evaluation at 0x7fa72950ea70>

  File "/app/web/db/upload_evaluation_data.py", line 50, in insert_evaluation
    cursor.execute(query, (model_id, start_date, end_date, num_evals, notes, phase))
    │      │       │       │         │           │         │          │      └ 'train'
    │      │       │       │         │           │         │          └ 'Algorithm: PPO, Feature: CNNLSTM'
    │      │       │       │         │           │         └ 50
    │      │       │       │         │           └ datetime.datetime(2018, 6, 30, 0, 0)
    │      │       │       │         └ datetime.datetime(2008, 6, 30, 0, 0)
    │      │       │       └ 3
    │      │       └ '\n        INSERT INTO evaluations (model_id, start_date, end_date, num_evaluations, evaluation_notes, phase)\n        VALUES...
    │      └ <method 'execute' of 'psycopg2.extensions.cursor' objects>
    └ <cursor object at 0x7fa72991fb50; closed: -1>

psycopg2.errors.UniqueViolation: duplicate key value violates unique constraint "evaluations_model_id_phase_key"
DETAIL:  Key (model_id, phase)=(3, train) already exists.

2025-04-06 17:32:49 | INFO     | upload_evaluation_data:insert_data_from_csv:139 - Database connection closed.
